<?xml version="1.0" encoding="UTF-8"?>
<testsuite name="hello.HelloControllerIT" tests="0" skipped="0" failures="0" errors="0" timestamp="1970-01-01T00:00:00" hostname="LT-PK23Y23" time="0.0">
  <properties/>
  <system-out><![CDATA[14:48:25.644 [Test worker] DEBUG org.springframework.test.context.junit4.SpringJUnit4ClassRunner - SpringJUnit4ClassRunner constructor called with [class hello.HelloControllerIT]
14:48:25.659 [Test worker] DEBUG org.springframework.test.context.BootstrapUtils - Instantiating CacheAwareContextLoaderDelegate from class [org.springframework.test.context.cache.DefaultCacheAwareContextLoaderDelegate]
14:48:25.671 [Test worker] DEBUG org.springframework.test.context.BootstrapUtils - Instantiating BootstrapContext using constructor [public org.springframework.test.context.support.DefaultBootstrapContext(java.lang.Class,org.springframework.test.context.CacheAwareContextLoaderDelegate)]
14:48:25.703 [Test worker] DEBUG org.springframework.test.context.BootstrapUtils - Instantiating TestContextBootstrapper for test class [hello.HelloControllerIT] from class [org.springframework.boot.test.context.SpringBootTestContextBootstrapper]
14:48:25.719 [Test worker] INFO org.springframework.boot.test.context.SpringBootTestContextBootstrapper - Neither @ContextConfiguration nor @ContextHierarchy found for test class [hello.HelloControllerIT], using SpringBootContextLoader
14:48:25.723 [Test worker] DEBUG org.springframework.test.context.support.AbstractContextLoader - Did not detect default resource location for test class [hello.HelloControllerIT]: class path resource [hello/HelloControllerIT-context.xml] does not exist
14:48:25.723 [Test worker] DEBUG org.springframework.test.context.support.AbstractContextLoader - Did not detect default resource location for test class [hello.HelloControllerIT]: class path resource [hello/HelloControllerITContext.groovy] does not exist
14:48:25.723 [Test worker] INFO org.springframework.test.context.support.AbstractContextLoader - Could not detect default resource locations for test class [hello.HelloControllerIT]: no resource found for suffixes {-context.xml, Context.groovy}.
14:48:25.725 [Test worker] INFO org.springframework.test.context.support.AnnotationConfigContextLoaderUtils - Could not detect default configuration classes for test class [hello.HelloControllerIT]: HelloControllerIT does not declare any static, non-private, non-final, nested classes annotated with @Configuration.
14:48:25.785 [Test worker] DEBUG org.springframework.test.context.support.ActiveProfilesUtils - Could not find an 'annotation declaring class' for annotation type [org.springframework.test.context.ActiveProfiles] and class [hello.HelloControllerIT]
14:48:25.794 [Test worker] DEBUG org.springframework.core.env.StandardEnvironment - Adding PropertySource 'systemProperties' with lowest search precedence
14:48:25.794 [Test worker] DEBUG org.springframework.core.env.StandardEnvironment - Adding PropertySource 'systemEnvironment' with lowest search precedence
14:48:25.795 [Test worker] DEBUG org.springframework.core.env.StandardEnvironment - Initialized StandardEnvironment with PropertySources [MapPropertySource@809210196 {name='systemProperties', properties={java.runtime.name=Java(TM) SE Runtime Environment, sun.boot.library.path=C:\Program Files\Java\jdk1.8.0_131\jre\bin, java.vm.version=25.131-b11, java.vm.vendor=Oracle Corporation, java.vendor.url=http://java.oracle.com/, path.separator=;, java.vm.name=Java HotSpot(TM) 64-Bit Server VM, file.encoding.pkg=sun.io, user.script=, sun.java.launcher=SUN_STANDARD, user.country=US, sun.os.patch.level=Service Pack 1, java.vm.specification.name=Java Virtual Machine Specification, user.dir=C:\SpringBoot\spring-boot-gradle, java.runtime.version=1.8.0_131-b11, java.awt.graphicsenv=sun.awt.Win32GraphicsEnvironment, java.endorsed.dirs=C:\Program Files\Java\jdk1.8.0_131\jre\lib\endorsed, os.arch=amd64, java.io.tmpdir=C:\Users\singhgig\AppData\Local\Temp\, line.separator=
, java.vm.specification.vendor=Oracle Corporation, user.variant=, os.name=Windows 7, sun.jnu.encoding=Cp1252, java.library.path=C:\Program Files\Java\jdk1.8.0_131\bin;C:\Windows\Sun\Java\bin;C:\Windows\system32;C:\Windows;C:/Program Files/Java/jre1.8.0_131/bin/server;C:/Program Files/Java/jre1.8.0_131/bin;C:/Program Files/Java/jre1.8.0_131/lib/amd64;C:\ProgramData\Oracle\Java\javapath;C:\Program Files (x86)\HP\NV\lib\shunra\vcat;C:\Windows\system32;C:\Windows;C:\Windows\System32\Wbem;C:\Windows\System32\WindowsPowerShell\v1.0\;C:\Program Files (x86)\IBM\Personal Communications\;C:\Program Files (x86)\IBM\Trace Facility\;C:\Program Files\Ascent\ImgCtls\bin;C:\Java\jdk1.8.0_131\bin;C:\openlogic-ant-1.7.1-all-bin-1\ant-1.7.1\bin;c:\Program Files (x86)\Microsoft SQL Server\110\Tools\Binn\;c:\Program Files\Microsoft SQL Server\110\Tools\Binn\;c:\Program Files\Microsoft SQL Server\110\DTS\Binn\;c:\Program Files (x86)\Microsoft SQL Server\110\Tools\Binn\ManagementStudio\;c:\Program Files (x86)\Microsoft SQL Server\110\DTS\Binn\;C:\Program Files\TortoiseGit\bin;C:\Program Files (x86)\HP\LoadRunner\strawberry-perl\perl\bin;C:\Program Files (x86)\HP\NV\lib\thirdparty\safenet\LDK\7.0;C:\Program Files (x86)\HP\NV\lib\shunra\snv;C:\Program Files (x86)\HP\Unified Functional Testing\bin;C:\Windows\System32\WindowsPowerShell\v1.0\;C:\Program Files\Java\jdk1.8.0_131\bin;C:\Users\singhgig\Downloads\IEDriverServer_x64_3.4.0;C:\Windows\System32\WindowsPowerShell\v1.0\;C:\Windows\system32\config\systemprofile\.dnx\bin;C:\Program Files\Microsoft DNX\Dnvm\;C:\Program Files\Microsoft SQL Server\130\Tools\Binn\;C:\Program Files\Git\cmd;C:\apache-maven-3.5.2-bin\apache-maven-3.5.2\bin;C:\Program Files\nodejs;C:\Gradle\bin;C:\Program Files\Microsoft VS Code\bin;C:\Users\singhgig\AppData\Roaming\npm;C:\eclipse-java-neon-3-win32-x86_64\eclipse;;., java.specification.name=Java Platform API Specification, java.class.version=52.0, org.gradle.native=false, sun.management.compiler=HotSpot 64-Bit Tiered Compilers, os.version=6.1, user.home=C:\Users\singhgig, user.timezone=America/New_York, java.awt.printerjob=sun.awt.windows.WPrinterJob, file.encoding=windows-1252, java.specification.version=1.8, java.class.path=C:\SpringBoot\spring-boot-gradle\build\classes\java\test;C:\SpringBoot\spring-boot-gradle\build\resources\test;C:\SpringBoot\spring-boot-gradle\build\classes\java\main;C:\SpringBoot\spring-boot-gradle\build\resources\main;C:\Users\singhgig\.gradle\caches\modules-2\files-2.1\org.springframework.boot\spring-boot-starter-web\2.0.3.RELEASE\41fd4180bea3813de8f3c602b5a126218360315b\spring-boot-starter-web-2.0.3.RELEASE.jar;C:\Users\singhgig\.gradle\caches\modules-2\files-2.1\org.springframework.boot\spring-boot-starter-test\2.0.3.RELEASE\1c624b1cc217bac010abce7a28df8169af4a7fa0\spring-boot-starter-test-2.0.3.RELEASE.jar;C:\Users\singhgig\.gradle\caches\modules-2\files-2.1\junit\junit\4.12\2973d150c0dc1fefe998f834810d68f278ea58ec\junit-4.12.jar;C:\Users\singhgig\.gradle\caches\modules-2\files-2.1\org.springframework.boot\spring-boot-starter-json\2.0.3.RELEASE\2e389a8727588c549c28bb277f0f573f65554850\spring-boot-starter-json-2.0.3.RELEASE.jar;C:\Users\singhgig\.gradle\caches\modules-2\files-2.1\org.springframework.boot\spring-boot-starter\2.0.3.RELEASE\ffaa050dbd36b0441645598f1a7ddaf67fd5e678\spring-boot-starter-2.0.3.RELEASE.jar;C:\Users\singhgig\.gradle\caches\modules-2\files-2.1\org.springframework.boot\spring-boot-starter-tomcat\2.0.3.RELEASE\25a51a75bfb997b7b95d6760178ee3303863ec4b\spring-boot-starter-tomcat-2.0.3.RELEASE.jar;C:\Users\singhgig\.gradle\caches\modules-2\files-2.1\org.hibernate.validator\hibernate-validator\6.0.10.Final\4236051a8d209c00f85e70918d5e26d9f3e5201e\hibernate-validator-6.0.10.Final.jar;C:\Users\singhgig\.gradle\caches\modules-2\files-2.1\org.springframework\spring-webmvc\5.0.7.RELEASE\751c871527ec7ff335ffc76f2e737e297c0a8d30\spring-webmvc-5.0.7.RELEASE.jar;C:\Users\singhgig\.gradle\caches\modules-2\files-2.1\org.springframework\spring-web\5.0.7.RELEASE\2e04c6c2922fbfa06b5948be14a5782db168b6ec\spring-web-5.0.7.RELEASE.jar;C:\Users\singhgig\.gradle\caches\modules-2\files-2.1\org.hamcrest\hamcrest-library\1.3\4785a3c21320980282f9f33d0d1264a69040538f\hamcrest-library-1.3.jar;C:\Users\singhgig\.gradle\caches\modules-2\files-2.1\org.hamcrest\hamcrest-core\1.3\42a25dc3219429f0e5d060061f71acb49bf010a0\hamcrest-core-1.3.jar;C:\Users\singhgig\.gradle\caches\modules-2\files-2.1\org.springframework.boot\spring-boot-test-autoconfigure\2.0.3.RELEASE\54e7d2167f2b926bf16a0ef8b91b6bfbd43826e7\spring-boot-test-autoconfigure-2.0.3.RELEASE.jar;C:\Users\singhgig\.gradle\caches\modules-2\files-2.1\org.springframework.boot\spring-boot-test\2.0.3.RELEASE\5c9b4bb6cfce9ef6e53a0ff5fc4a7ff2867871d8\spring-boot-test-2.0.3.RELEASE.jar;C:\Users\singhgig\.gradle\caches\modules-2\files-2.1\com.jayway.jsonpath\json-path\2.4.0\765a4401ceb2dc8d40553c2075eb80a8fa35c2ae\json-path-2.4.0.jar;C:\Users\singhgig\.gradle\caches\modules-2\files-2.1\org.assertj\assertj-core\3.9.1\c5ce126b15f28d56cd8f960c1a6a058b9c9aea87\assertj-core-3.9.1.jar;C:\Users\singhgig\.gradle\caches\modules-2\files-2.1\org.mockito\mockito-core\2.15.0\b84bfbbc29cd22c9529409627af6ea2897f4fa85\mockito-core-2.15.0.jar;C:\Users\singhgig\.gradle\caches\modules-2\files-2.1\org.skyscreamer\jsonassert\1.5.0\6c9d5fe2f59da598d9aefc1cfc6528ff3cf32df3\jsonassert-1.5.0.jar;C:\Users\singhgig\.gradle\caches\modules-2\files-2.1\org.springframework\spring-test\5.0.7.RELEASE\bcb7505a316ea34b7e9a7ae5d4921be5b475c02d\spring-test-5.0.7.RELEASE.jar;C:\Users\singhgig\.gradle\caches\modules-2\files-2.1\org.springframework.boot\spring-boot-autoconfigure\2.0.3.RELEASE\11bc4cc96b08fabad2b3186755818fa0b32d83f\spring-boot-autoconfigure-2.0.3.RELEASE.jar;C:\Users\singhgig\.gradle\caches\modules-2\files-2.1\org.springframework.boot\spring-boot\2.0.3.RELEASE\b874870d915adbc3dd932e19077d3d45c8e54aa0\spring-boot-2.0.3.RELEASE.jar;C:\Users\singhgig\.gradle\caches\modules-2\files-2.1\org.springframework\spring-context\5.0.7.RELEASE\243a23f8968de8754d8199d669780d683ab177bd\spring-context-5.0.7.RELEASE.jar;C:\Users\singhgig\.gradle\caches\modules-2\files-2.1\org.springframework\spring-expression\5.0.7.RELEASE\ca01fb473f53dd0ee3c85663b26d5dc325602057\spring-expression-5.0.7.RELEASE.jar;C:\Users\singhgig\.gradle\caches\modules-2\files-2.1\org.springframework\spring-aop\5.0.7.RELEASE\fdd0b6aa3c9c7a188c3bfbf6dfd8d40e843be9ef\spring-aop-5.0.7.RELEASE.jar;C:\Users\singhgig\.gradle\caches\modules-2\files-2.1\org.springframework\spring-beans\5.0.7.RELEASE\c1196cb3e56da83e3c3a02ef323699f4b05feedc\spring-beans-5.0.7.RELEASE.jar;C:\Users\singhgig\.gradle\caches\modules-2\files-2.1\org.springframework\spring-core\5.0.7.RELEASE\54b731178d81e66eca9623df772ff32718208137\spring-core-5.0.7.RELEASE.jar;C:\Users\singhgig\.gradle\caches\modules-2\files-2.1\org.xmlunit\xmlunit-core\2.5.1\4ffdb346572a7356f7521cd3119ce5287d2e339d\xmlunit-core-2.5.1.jar;C:\Users\singhgig\.gradle\caches\modules-2\files-2.1\org.springframework.boot\spring-boot-starter-logging\2.0.3.RELEASE\7caad34f01d2688919e15e09a90467963e3d5190\spring-boot-starter-logging-2.0.3.RELEASE.jar;C:\Users\singhgig\.gradle\caches\modules-2\files-2.1\javax.annotation\javax.annotation-api\1.3.2\934c04d3cfef185a8008e7bf34331b79730a9d43\javax.annotation-api-1.3.2.jar;C:\Users\singhgig\.gradle\caches\modules-2\files-2.1\org.yaml\snakeyaml\1.19\2d998d3d674b172a588e54ab619854d073f555b5\snakeyaml-1.19.jar;C:\Users\singhgig\.gradle\caches\modules-2\files-2.1\com.fasterxml.jackson.datatype\jackson-datatype-jdk8\2.9.6\456895fc91bf7180b216fead220373e6278230c9\jackson-datatype-jdk8-2.9.6.jar;C:\Users\singhgig\.gradle\caches\modules-2\files-2.1\com.fasterxml.jackson.datatype\jackson-datatype-jsr310\2.9.6\ea54f6193d224e5e5732bbd4262327eb465397c2\jackson-datatype-jsr310-2.9.6.jar;C:\Users\singhgig\.gradle\caches\modules-2\files-2.1\com.fasterxml.jackson.module\jackson-module-parameter-names\2.9.6\129acd77a4b6ee30d62d3a0899b1344c8ec2bff8\jackson-module-parameter-names-2.9.6.jar;C:\Users\singhgig\.gradle\caches\modules-2\files-2.1\com.fasterxml.jackson.core\jackson-databind\2.9.6\cfa4f316351a91bfd95cb0644c6a2c95f52db1fc\jackson-databind-2.9.6.jar;C:\Users\singhgig\.gradle\caches\modules-2\files-2.1\org.apache.tomcat.embed\tomcat-embed-websocket\8.5.31\6564e716b89de5eaa0dd234ae7989576503ddf3\tomcat-embed-websocket-8.5.31.jar;C:\Users\singhgig\.gradle\caches\modules-2\files-2.1\org.apache.tomcat.embed\tomcat-embed-core\8.5.31\f5adf7ed8c34aa005b22b6a2dc7b6796e10e9c79\tomcat-embed-core-8.5.31.jar;C:\Users\singhgig\.gradle\caches\modules-2\files-2.1\org.apache.tomcat.embed\tomcat-embed-el\8.5.31\3a536e1ac71b82627c3a7408eb38fa0704cb9034\tomcat-embed-el-8.5.31.jar;C:\Users\singhgig\.gradle\caches\modules-2\files-2.1\javax.validation\validation-api\2.0.1.Final\cb855558e6271b1b32e716d24cb85c7f583ce09e\validation-api-2.0.1.Final.jar;C:\Users\singhgig\.gradle\caches\modules-2\files-2.1\org.jboss.logging\jboss-logging\3.3.2.Final\3789d00e859632e6c6206adc0c71625559e6e3b0\jboss-logging-3.3.2.Final.jar;C:\Users\singhgig\.gradle\caches\modules-2\files-2.1\com.fasterxml\classmate\1.3.4\3d5f48f10bbe4eb7bd862f10c0583be2e0053c6\classmate-1.3.4.jar;C:\Users\singhgig\.gradle\caches\modules-2\files-2.1\net.minidev\json-smart\2.3\7396407491352ce4fa30de92efb158adb76b5b\json-smart-2.3.jar;C:\Users\singhgig\.gradle\caches\modules-2\files-2.1\ch.qos.logback\logback-classic\1.2.3\7c4f3c474fb2c041d8028740440937705ebb473a\logback-classic-1.2.3.jar;C:\Users\singhgig\.gradle\caches\modules-2\files-2.1\org.apache.logging.log4j\log4j-to-slf4j\2.10.0\f7e631ccf49cfc0aefa4a2a728da7d374c05bd3c\log4j-to-slf4j-2.10.0.jar;C:\Users\singhgig\.gradle\caches\modules-2\files-2.1\org.slf4j\jul-to-slf4j\1.7.25\af5364cd6679bfffb114f0dec8a157aaa283b76\jul-to-slf4j-1.7.25.jar;C:\Users\singhgig\.gradle\caches\modules-2\files-2.1\org.slf4j\slf4j-api\1.7.25\da76ca59f6a57ee3102f8f9bd9cee742973efa8a\slf4j-api-1.7.25.jar;C:\Users\singhgig\.gradle\caches\modules-2\files-2.1\net.bytebuddy\byte-buddy\1.7.11\f02857a4e2c66ccbe7aaad6100a0a6c461bce9b3\byte-buddy-1.7.11.jar;C:\Users\singhgig\.gradle\caches\modules-2\files-2.1\net.bytebuddy\byte-buddy-agent\1.7.11\b425a8933ca07edd03c6dbc8bc3b595fba9780de\byte-buddy-agent-1.7.11.jar;C:\Users\singhgig\.gradle\caches\modules-2\files-2.1\org.objenesis\objenesis\2.6\639033469776fd37c08358c6b92a4761feb2af4b\objenesis-2.6.jar;C:\Users\singhgig\.gradle\caches\modules-2\files-2.1\com.vaadin.external.google\android-json\0.0.20131108.vaadin1\fa26d351fe62a6a17f5cda1287c1c6110dec413f\android-json-0.0.20131108.vaadin1.jar;C:\Users\singhgig\.gradle\caches\modules-2\files-2.1\org.springframework\spring-jcl\5.0.7.RELEASE\699016ddf454c2c167d9f84ae5777eccadf54728\spring-jcl-5.0.7.RELEASE.jar;C:\Users\singhgig\.gradle\caches\modules-2\files-2.1\com.fasterxml.jackson.core\jackson-annotations\2.9.0\7c10d545325e3a6e72e06381afe469fd40eb701\jackson-annotations-2.9.0.jar;C:\Users\singhgig\.gradle\caches\modules-2\files-2.1\com.fasterxml.jackson.core\jackson-core\2.9.6\4e393793c37c77e042ccc7be5a914ae39251b365\jackson-core-2.9.6.jar;C:\Users\singhgig\.gradle\caches\modules-2\files-2.1\net.minidev\accessors-smart\1.2\c592b500269bfde36096641b01238a8350f8aa31\accessors-smart-1.2.jar;C:\Users\singhgig\.gradle\caches\modules-2\files-2.1\ch.qos.logback\logback-core\1.2.3\864344400c3d4d92dfeb0a305dc87d953677c03c\logback-core-1.2.3.jar;C:\Users\singhgig\.gradle\caches\modules-2\files-2.1\org.apache.logging.log4j\log4j-api\2.10.0\fec5797a55b786184a537abd39c3fa1449d752d6\log4j-api-2.10.0.jar;C:\Users\singhgig\.gradle\caches\modules-2\files-2.1\org.ow2.asm\asm\5.0.4\da08b8cce7bbf903602a25a3a163ae252435795\asm-5.0.4.jar, user.name=singhgig, java.vm.specification.version=1.8, sun.java.command=worker.org.gradle.process.internal.worker.GradleWorkerMain 'Gradle Test Executor 2', java.home=C:\Program Files\Java\jdk1.8.0_131\jre, sun.arch.data.model=64, user.language=en, java.specification.vendor=Oracle Corporation, awt.toolkit=sun.awt.windows.WToolkit, java.vm.info=mixed mode, java.version=1.8.0_131, java.ext.dirs=C:\Program Files\Java\jdk1.8.0_131\jre\lib\ext;C:\Windows\Sun\Java\lib\ext, sun.boot.class.path=C:\Program Files\Java\jdk1.8.0_131\jre\lib\resources.jar;C:\Program Files\Java\jdk1.8.0_131\jre\lib\rt.jar;C:\Program Files\Java\jdk1.8.0_131\jre\lib\sunrsasign.jar;C:\Program Files\Java\jdk1.8.0_131\jre\lib\jsse.jar;C:\Program Files\Java\jdk1.8.0_131\jre\lib\jce.jar;C:\Program Files\Java\jdk1.8.0_131\jre\lib\charsets.jar;C:\Program Files\Java\jdk1.8.0_131\jre\lib\jfr.jar;C:\Program Files\Java\jdk1.8.0_131\jre\classes, java.vendor=Oracle Corporation, org.gradle.test.worker=2, file.separator=\, java.vendor.url.bug=http://bugreport.sun.com/bugreport/, sun.io.unicode.encoding=UnicodeLittle, sun.cpu.endian=little, sun.desktop=windows, sun.cpu.isalist=amd64}}, SystemEnvironmentPropertySource@1624305720 {name='systemEnvironment', properties={PROCESSOR_LEVEL=6, FP_NO_HOST_CHECK=NO, VS140COMNTOOLS=C:\Program Files (x86)\Microsoft Visual Studio 14.0\Common7\Tools\, LG_PATH=C:\Program Files (x86)\HP\LoadRunner\, SESSIONNAME=Console, ALLUSERSPROFILE=C:\ProgramData, DATAGEN_HOME=C:\gw\EntityGen, PROCESSOR_ARCHITECTURE=AMD64, PSModulePath=C:\Windows\system32\WindowsPowerShell\v1.0\Modules\;c:\Program Files (x86)\Microsoft SQL Server\110\Tools\PowerShell\Modules\, SystemDrive=C:, ANALYSIS_PATH=C:\Program Files (x86)\HP\LoadRunner\, MAVEN_HOME=C:\apache-maven-3.5.2-bin\apache-maven-3.5.2, LR_PATH=C:\Program Files (x86)\HP\LoadRunner\, USERNAME=singhgig, USERDNSDOMAIN=TOSPWSIB.WSIB.ON.CA, ProgramFiles(x86)=C:\Program Files (x86), PATHEXT=.COM;.EXE;.BAT;.CMD;.VBS;.VBE;.JS;.JSE;.WSF;.WSH;.MSC, LSFORCEHOST=SRVTSLP01, HOMESHARE=\\SRDCELD2\users2$\singhgig, ProgramData=C:\ProgramData, ProgramW6432=C:\Program Files, HOMEPATH=\, PROCESSOR_IDENTIFIER=Intel64 Family 6 Model 58 Stepping 9, GenuineIntel, ProgramFiles=C:\Program Files, PUBLIC=C:\Users\Public, Region=Simcoe, windir=C:\Windows, =::=::\, ST_INSTALL_PATH=C:\Program Files (x86)\HP\Unified Functional Testing\, LOCALAPPDATA=C:\Users\singhgig\AppData\Local, USERDOMAIN=TOSPWSIB, LOGONSERVER=\\SRNBDC01, JAVA_HOME=C:\Program Files\Java\jdk1.8.0_131, ANT_HOME=C:\openlogic-ant-1.7.1-all-bin-1\ant-1.7.1, APPDATA=C:\Users\singhgig\AppData\Roaming, PCOMM_Root=C:\Program Files (x86)\IBM\Personal Communications\, windows_tracing_logfile=C:\BVTBin\Tests\installpackage\csilogfile.log, LOG_FILE=C:\Users\singhgig\AppData\Local\Temp\\ihp_custom_batches.log, CommonProgramFiles=C:\Program Files\Common Files, Path=C:/Program Files/Java/jre1.8.0_131/bin/server;C:/Program Files/Java/jre1.8.0_131/bin;C:/Program Files/Java/jre1.8.0_131/lib/amd64;C:\ProgramData\Oracle\Java\javapath;C:\Program Files (x86)\HP\NV\lib\shunra\vcat;C:\Windows\system32;C:\Windows;C:\Windows\System32\Wbem;C:\Windows\System32\WindowsPowerShell\v1.0\;C:\Program Files (x86)\IBM\Personal Communications\;C:\Program Files (x86)\IBM\Trace Facility\;C:\Program Files\Ascent\ImgCtls\bin;C:\Java\jdk1.8.0_131\bin;C:\openlogic-ant-1.7.1-all-bin-1\ant-1.7.1\bin;c:\Program Files (x86)\Microsoft SQL Server\110\Tools\Binn\;c:\Program Files\Microsoft SQL Server\110\Tools\Binn\;c:\Program Files\Microsoft SQL Server\110\DTS\Binn\;c:\Program Files (x86)\Microsoft SQL Server\110\Tools\Binn\ManagementStudio\;c:\Program Files (x86)\Microsoft SQL Server\110\DTS\Binn\;C:\Program Files\TortoiseGit\bin;C:\Program Files (x86)\HP\LoadRunner\strawberry-perl\perl\bin;C:\Program Files (x86)\HP\NV\lib\thirdparty\safenet\LDK\7.0;C:\Program Files (x86)\HP\NV\lib\shunra\snv;C:\Program Files (x86)\HP\Unified Functional Testing\bin;C:\Windows\System32\WindowsPowerShell\v1.0\;C:\Program Files\Java\jdk1.8.0_131\bin;C:\Users\singhgig\Downloads\IEDriverServer_x64_3.4.0;C:\Windows\System32\WindowsPowerShell\v1.0\;C:\Windows\system32\config\systemprofile\.dnx\bin;C:\Program Files\Microsoft DNX\Dnvm\;C:\Program Files\Microsoft SQL Server\130\Tools\Binn\;C:\Program Files\Git\cmd;C:\apache-maven-3.5.2-bin\apache-maven-3.5.2\bin;C:\Program Files\nodejs;C:\Gradle\bin;C:\Program Files\Microsoft VS Code\bin;C:\Users\singhgig\AppData\Roaming\npm;C:\eclipse-java-neon-3-win32-x86_64\eclipse;, OS=Windows_NT, windows_tracing_flags=3, COMPUTERNAME=LT-PK23Y23, PROCESSOR_REVISION=3a09, CommonProgramW6432=C:\Program Files\Common Files, ComSpec=C:\Windows\system32\cmd.exe, UATDATA=C:\Windows\CCM\UATData\D9F8C395-CAB8-491d-B8AC-179A1FE1BE77, SystemRoot=C:\Windows, TEMP=C:\Users\singhgig\AppData\Local\Temp, TFS_DIR=C:\Program Files\ThinkVantage Fingerprint Software\, VUGEN_PATH=C:\Program Files (x86)\HP\LoadRunner\, HOMEDRIVE=H:, USERPROFILE=C:\Users\singhgig, TMP=C:\Users\singhgig\AppData\Local\Temp, CommonProgramFiles(x86)=C:\Program Files (x86)\Common Files, NUMBER_OF_PROCESSORS=4, LSERVRC=C:\ProgramData\HP\Functional testing\License\lservrc, HOME=C:\Users\singhgig}}]
14:48:25.819 [Test worker] DEBUG org.springframework.core.io.support.PathMatchingResourcePatternResolver - Resolved classpath location [hello/] to resources [URL [file:/C:/SpringBoot/spring-boot-gradle/build/classes/java/test/hello/], URL [file:/C:/SpringBoot/spring-boot-gradle/build/classes/java/main/hello/]]
14:48:25.819 [Test worker] DEBUG org.springframework.core.io.support.PathMatchingResourcePatternResolver - Looking for matching resources in directory tree [C:\SpringBoot\spring-boot-gradle\build\classes\java\test\hello]
14:48:25.820 [Test worker] DEBUG org.springframework.core.io.support.PathMatchingResourcePatternResolver - Searching directory [C:\SpringBoot\spring-boot-gradle\build\classes\java\test\hello] for files matching pattern [C:/SpringBoot/spring-boot-gradle/build/classes/java/test/hello/*.class]
14:48:25.824 [Test worker] DEBUG org.springframework.core.io.support.PathMatchingResourcePatternResolver - Looking for matching resources in directory tree [C:\SpringBoot\spring-boot-gradle\build\classes\java\main\hello]
14:48:25.825 [Test worker] DEBUG org.springframework.core.io.support.PathMatchingResourcePatternResolver - Searching directory [C:\SpringBoot\spring-boot-gradle\build\classes\java\main\hello] for files matching pattern [C:/SpringBoot/spring-boot-gradle/build/classes/java/main/hello/*.class]
14:48:25.826 [Test worker] DEBUG org.springframework.core.io.support.PathMatchingResourcePatternResolver - Resolved location pattern [classpath*:hello/*.class] to resources [file [C:\SpringBoot\spring-boot-gradle\build\classes\java\test\hello\HelloControllerIT.class], file [C:\SpringBoot\spring-boot-gradle\build\classes\java\test\hello\HelloControllerTest.class], file [C:\SpringBoot\spring-boot-gradle\build\classes\java\main\hello\Application.class], file [C:\SpringBoot\spring-boot-gradle\build\classes\java\main\hello\HelloController.class], file [C:\SpringBoot\spring-boot-gradle\build\classes\java\main\hello\HelloService.class], file [C:\SpringBoot\spring-boot-gradle\build\classes\java\main\hello\NewController.class]]
14:48:25.922 [Test worker] DEBUG org.springframework.context.annotation.ClassPathScanningCandidateComponentProvider - Identified candidate component class: file [C:\SpringBoot\spring-boot-gradle\build\classes\java\main\hello\Application.class]
14:48:25.941 [Test worker] INFO org.springframework.boot.test.context.SpringBootTestContextBootstrapper - Found @SpringBootConfiguration hello.Application for test class hello.HelloControllerIT
14:48:26.119 [Test worker] DEBUG org.springframework.boot.test.context.SpringBootTestContextBootstrapper - @TestExecutionListeners is not present for class [hello.HelloControllerIT]: using defaults.
14:48:26.120 [Test worker] INFO org.springframework.boot.test.context.SpringBootTestContextBootstrapper - Loaded default TestExecutionListener class names from location [META-INF/spring.factories]: [org.springframework.boot.test.autoconfigure.restdocs.RestDocsTestExecutionListener, org.springframework.boot.test.autoconfigure.web.client.MockRestServiceServerResetTestExecutionListener, org.springframework.boot.test.autoconfigure.web.servlet.MockMvcPrintOnlyOnFailureTestExecutionListener, org.springframework.boot.test.autoconfigure.web.servlet.WebDriverTestExecutionListener, org.springframework.boot.test.mock.mockito.MockitoTestExecutionListener, org.springframework.boot.test.mock.mockito.ResetMocksTestExecutionListener, org.springframework.test.context.web.ServletTestExecutionListener, org.springframework.test.context.support.DirtiesContextBeforeModesTestExecutionListener, org.springframework.test.context.support.DependencyInjectionTestExecutionListener, org.springframework.test.context.support.DirtiesContextTestExecutionListener, org.springframework.test.context.transaction.TransactionalTestExecutionListener, org.springframework.test.context.jdbc.SqlScriptsTestExecutionListener]
14:48:26.137 [Test worker] DEBUG org.springframework.boot.test.context.SpringBootTestContextBootstrapper - Skipping candidate TestExecutionListener [org.springframework.test.context.transaction.TransactionalTestExecutionListener] due to a missing dependency. Specify custom listener classes or make the default listener classes and their required dependencies available. Offending class: [org/springframework/transaction/interceptor/TransactionAttributeSource]
14:48:26.137 [Test worker] DEBUG org.springframework.boot.test.context.SpringBootTestContextBootstrapper - Skipping candidate TestExecutionListener [org.springframework.test.context.jdbc.SqlScriptsTestExecutionListener] due to a missing dependency. Specify custom listener classes or make the default listener classes and their required dependencies available. Offending class: [org/springframework/transaction/interceptor/TransactionAttribute]
14:48:26.137 [Test worker] INFO org.springframework.boot.test.context.SpringBootTestContextBootstrapper - Using TestExecutionListeners: [org.springframework.test.context.web.ServletTestExecutionListener@49e8a3ef, org.springframework.test.context.support.DirtiesContextBeforeModesTestExecutionListener@3adada44, org.springframework.boot.test.mock.mockito.MockitoTestExecutionListener@1321c252, org.springframework.boot.test.autoconfigure.SpringBootDependencyInjectionTestExecutionListener@59861b9e, org.springframework.test.context.support.DirtiesContextTestExecutionListener@557d3c9a, org.springframework.boot.test.autoconfigure.restdocs.RestDocsTestExecutionListener@3919c48b, org.springframework.boot.test.autoconfigure.web.client.MockRestServiceServerResetTestExecutionListener@24b7a2a8, org.springframework.boot.test.autoconfigure.web.servlet.MockMvcPrintOnlyOnFailureTestExecutionListener@4d84074b, org.springframework.boot.test.autoconfigure.web.servlet.WebDriverTestExecutionListener@71a16b8d, org.springframework.boot.test.mock.mockito.ResetMocksTestExecutionListener@66bc4ae]
14:48:26.140 [Test worker] DEBUG org.springframework.test.annotation.ProfileValueUtils - Retrieved @ProfileValueSourceConfiguration [null] for test class [hello.HelloControllerIT]
14:48:26.141 [Test worker] DEBUG org.springframework.test.annotation.ProfileValueUtils - Retrieved ProfileValueSource type [class org.springframework.test.annotation.SystemProfileValueSource] for class [hello.HelloControllerIT]
]]></system-out>
  <system-err><![CDATA[]]></system-err>
</testsuite>
